{"contracts/NFTMarketPlace.sol":{"l":{"40":26,"42":26,"43":1,"45":25,"49":33,"50":33,"52":32,"53":3,"55":29,"59":15,"60":15,"61":2,"63":13,"80":24,"81":1,"85":23,"87":23,"88":1,"91":22,"93":22,"107":7,"109":7,"110":1,"113":6,"114":6,"117":6,"126":6,"128":6,"139":3,"141":3,"153":2,"155":2,"163":2,"165":2,"166":1,"169":1,"171":1,"172":1,"173":0,"180":5,"184":1,"188":1},"path":"/Users/pranavlakkadi/HH-FCC/HH-NFT-MarketPlace/contracts/NFTMarketPlace.sol","s":{"1":26,"2":26,"3":33,"4":33,"5":32,"6":15,"7":15,"8":24,"9":23,"10":23,"11":22,"12":7,"13":7,"14":6,"15":6,"16":3,"17":2,"18":2,"19":2,"20":1,"21":1,"22":5,"23":1,"24":1},"b":{"1":[1,25],"2":[3,29],"3":[2,13],"4":[25,1],"5":[24,1],"6":[1,23],"7":[1,22],"8":[7,1],"9":[7,0],"10":[1,6],"11":[3,2],"12":[3,0],"13":[3,1],"14":[2,1],"15":[1,1],"16":[0,1]},"f":{"1":26,"2":33,"3":15,"4":24,"5":7,"6":3,"7":2,"8":2,"9":5,"10":1,"11":1},"fnMap":{"1":{"name":"notListed","line":39,"loc":{"start":{"line":39,"column":4},"end":{"line":46,"column":4}}},"2":{"name":"isOwner","line":48,"loc":{"start":{"line":48,"column":4},"end":{"line":56,"column":4}}},"3":{"name":"isListed","line":58,"loc":{"start":{"line":58,"column":4},"end":{"line":64,"column":4}}},"4":{"name":"ListItem","line":79,"loc":{"start":{"line":77,"column":4},"end":{"line":94,"column":4}}},"5":{"name":"BuyItem","line":106,"loc":{"start":{"line":104,"column":4},"end":{"line":129,"column":4}}},"6":{"name":"CancelListing","line":138,"loc":{"start":{"line":136,"column":4},"end":{"line":142,"column":4}}},"7":{"name":"UpdateListing","line":152,"loc":{"start":{"line":150,"column":4},"end":{"line":156,"column":4}}},"8":{"name":"Withdraw","line":162,"loc":{"start":{"line":162,"column":4},"end":{"line":175,"column":4}}},"9":{"name":"getListing","line":179,"loc":{"start":{"line":179,"column":4},"end":{"line":181,"column":4}}},"10":{"name":"getProceeds","line":183,"loc":{"start":{"line":183,"column":4},"end":{"line":185,"column":4}}},"11":{"name":"getBalance","line":187,"loc":{"start":{"line":187,"column":4},"end":{"line":189,"column":4}}}},"statementMap":{"1":{"start":{"line":40,"column":8},"end":{"line":40,"column":71}},"2":{"start":{"line":42,"column":8},"end":{"line":42,"column":1600}},"3":{"start":{"line":49,"column":8},"end":{"line":49,"column":49}},"4":{"start":{"line":50,"column":8},"end":{"line":50,"column":44}},"5":{"start":{"line":52,"column":8},"end":{"line":52,"column":1927}},"6":{"start":{"line":59,"column":8},"end":{"line":59,"column":72}},"7":{"start":{"line":60,"column":8},"end":{"line":60,"column":2177}},"8":{"start":{"line":80,"column":8},"end":{"line":80,"column":2940}},"9":{"start":{"line":85,"column":8},"end":{"line":85,"column":49}},"10":{"start":{"line":87,"column":8},"end":{"line":87,"column":3191}},"11":{"start":{"line":93,"column":8},"end":{"line":93,"column":69}},"12":{"start":{"line":107,"column":8},"end":{"line":107,"column":76}},"13":{"start":{"line":109,"column":8},"end":{"line":109,"column":4035}},"14":{"start":{"line":126,"column":8},"end":{"line":126,"column":96}},"15":{"start":{"line":128,"column":8},"end":{"line":128,"column":83}},"16":{"start":{"line":141,"column":8},"end":{"line":141,"column":66}},"17":{"start":{"line":155,"column":8},"end":{"line":155,"column":75}},"18":{"start":{"line":163,"column":8},"end":{"line":163,"column":48}},"19":{"start":{"line":165,"column":8},"end":{"line":165,"column":6044}},"20":{"start":{"line":171,"column":8},"end":{"line":171,"column":63}},"21":{"start":{"line":172,"column":8},"end":{"line":172,"column":6235}},"22":{"start":{"line":180,"column":8},"end":{"line":180,"column":54}},"23":{"start":{"line":184,"column":8},"end":{"line":184,"column":33}},"24":{"start":{"line":188,"column":8},"end":{"line":188,"column":36}}},"branchMap":{"1":{"line":42,"type":"if","locations":[{"start":{"line":42,"column":8},"end":{"line":42,"column":8}},{"start":{"line":42,"column":8},"end":{"line":42,"column":8}}]},"2":{"line":52,"type":"if","locations":[{"start":{"line":52,"column":8},"end":{"line":52,"column":8}},{"start":{"line":52,"column":8},"end":{"line":52,"column":8}}]},"3":{"line":60,"type":"if","locations":[{"start":{"line":60,"column":8},"end":{"line":60,"column":8}},{"start":{"line":60,"column":8},"end":{"line":60,"column":8}}]},"4":{"line":78,"type":"if","locations":[{"start":{"line":78,"column":4},"end":{"line":78,"column":4}},{"start":{"line":78,"column":4},"end":{"line":78,"column":4}}]},"5":{"line":79,"type":"if","locations":[{"start":{"line":79,"column":4},"end":{"line":79,"column":4}},{"start":{"line":79,"column":4},"end":{"line":79,"column":4}}]},"6":{"line":80,"type":"if","locations":[{"start":{"line":80,"column":8},"end":{"line":80,"column":8}},{"start":{"line":80,"column":8},"end":{"line":80,"column":8}}]},"7":{"line":87,"type":"if","locations":[{"start":{"line":87,"column":8},"end":{"line":87,"column":8}},{"start":{"line":87,"column":8},"end":{"line":87,"column":8}}]},"8":{"line":105,"type":"if","locations":[{"start":{"line":105,"column":4},"end":{"line":105,"column":4}},{"start":{"line":105,"column":4},"end":{"line":105,"column":4}}]},"9":{"line":106,"type":"if","locations":[{"start":{"line":106,"column":4},"end":{"line":106,"column":4}},{"start":{"line":106,"column":4},"end":{"line":106,"column":4}}]},"10":{"line":109,"type":"if","locations":[{"start":{"line":109,"column":8},"end":{"line":109,"column":8}},{"start":{"line":109,"column":8},"end":{"line":109,"column":8}}]},"11":{"line":137,"type":"if","locations":[{"start":{"line":137,"column":4},"end":{"line":137,"column":4}},{"start":{"line":137,"column":4},"end":{"line":137,"column":4}}]},"12":{"line":138,"type":"if","locations":[{"start":{"line":138,"column":4},"end":{"line":138,"column":4}},{"start":{"line":138,"column":4},"end":{"line":138,"column":4}}]},"13":{"line":151,"type":"if","locations":[{"start":{"line":151,"column":4},"end":{"line":151,"column":4}},{"start":{"line":151,"column":4},"end":{"line":151,"column":4}}]},"14":{"line":152,"type":"if","locations":[{"start":{"line":152,"column":4},"end":{"line":152,"column":4}},{"start":{"line":152,"column":4},"end":{"line":152,"column":4}}]},"15":{"line":165,"type":"if","locations":[{"start":{"line":165,"column":8},"end":{"line":165,"column":8}},{"start":{"line":165,"column":8},"end":{"line":165,"column":8}}]},"16":{"line":172,"type":"if","locations":[{"start":{"line":172,"column":8},"end":{"line":172,"column":8}},{"start":{"line":172,"column":8},"end":{"line":172,"column":8}}]}}},"contracts/test/BasicNFT.sol":{"l":{"14":3,"18":25,"19":25,"20":25,"21":25,"26":0,"27":0,"31":1},"path":"/Users/pranavlakkadi/HH-FCC/HH-NFT-MarketPlace/contracts/test/BasicNFT.sol","s":{"1":25,"2":25,"3":0,"4":0,"5":1},"b":{"1":[0,0]},"f":{"1":3,"2":25,"3":0,"4":1},"fnMap":{"1":{"name":"constructor","line":13,"loc":{"start":{"line":13,"column":4},"end":{"line":15,"column":4}}},"2":{"name":"mintNft","line":17,"loc":{"start":{"line":17,"column":4},"end":{"line":23,"column":4}}},"3":{"name":"tokenURI","line":25,"loc":{"start":{"line":25,"column":4},"end":{"line":28,"column":4}}},"4":{"name":"getTokenCounter","line":30,"loc":{"start":{"line":30,"column":4},"end":{"line":32,"column":4}}}},"statementMap":{"1":{"start":{"line":18,"column":8},"end":{"line":18,"column":44}},"2":{"start":{"line":19,"column":8},"end":{"line":19,"column":38}},"3":{"start":{"line":26,"column":8},"end":{"line":26,"column":83}},"4":{"start":{"line":27,"column":8},"end":{"line":27,"column":24}},"5":{"start":{"line":31,"column":8},"end":{"line":31,"column":29}}},"branchMap":{"1":{"line":26,"type":"if","locations":[{"start":{"line":26,"column":8},"end":{"line":26,"column":8}},{"start":{"line":26,"column":8},"end":{"line":26,"column":8}}]}}}}