{"contracts/NFTMarketPlace.sol":{"l":{"40":17,"42":17,"43":1,"45":16,"49":18,"50":18,"52":17,"53":2,"55":15,"59":7,"60":7,"61":1,"63":6,"80":15,"81":1,"85":14,"87":14,"88":1,"91":13,"93":13,"107":6,"109":6,"110":1,"114":5,"117":5,"126":5,"128":5,"139":0,"141":0,"153":0,"155":0,"163":0,"165":0,"166":0,"169":0,"171":0,"172":0,"173":0,"180":2,"184":1},"path":"/Users/pranavlakkadi/HH-FCC/HH-NFT-MarketPlace/contracts/NFTMarketPlace.sol","s":{"1":17,"2":17,"3":18,"4":18,"5":17,"6":7,"7":7,"8":15,"9":14,"10":14,"11":13,"12":13,"13":6,"14":6,"15":5,"16":5,"17":5,"18":0,"19":0,"20":0,"21":0,"22":0,"23":0,"24":0,"25":0,"26":2,"27":1},"b":{"1":[1,16],"2":[2,15],"3":[1,6],"4":[1,14],"5":[1,13],"6":[1,5],"7":[0,0],"8":[0,0]},"f":{"1":17,"2":18,"3":7,"4":15,"5":6,"6":0,"7":0,"8":0,"9":2,"10":1},"fnMap":{"1":{"name":"notListed","line":39,"loc":{"start":{"line":39,"column":4},"end":{"line":46,"column":4}}},"2":{"name":"isOwner","line":48,"loc":{"start":{"line":48,"column":4},"end":{"line":56,"column":4}}},"3":{"name":"isListed","line":58,"loc":{"start":{"line":58,"column":4},"end":{"line":64,"column":4}}},"4":{"name":"ListItem","line":79,"loc":{"start":{"line":77,"column":4},"end":{"line":94,"column":4}}},"5":{"name":"BuyItem","line":106,"loc":{"start":{"line":104,"column":4},"end":{"line":129,"column":4}}},"6":{"name":"CancelListing","line":138,"loc":{"start":{"line":136,"column":4},"end":{"line":142,"column":4}}},"7":{"name":"UpdateListing","line":152,"loc":{"start":{"line":150,"column":4},"end":{"line":156,"column":4}}},"8":{"name":"Withdraw","line":162,"loc":{"start":{"line":162,"column":4},"end":{"line":175,"column":4}}},"9":{"name":"getListing","line":179,"loc":{"start":{"line":179,"column":4},"end":{"line":181,"column":4}}},"10":{"name":"getProceeds","line":183,"loc":{"start":{"line":183,"column":4},"end":{"line":185,"column":4}}}},"statementMap":{"1":{"start":{"line":40,"column":8},"end":{"line":40,"column":71}},"2":{"start":{"line":42,"column":8},"end":{"line":42,"column":1600}},"3":{"start":{"line":49,"column":8},"end":{"line":49,"column":49}},"4":{"start":{"line":50,"column":8},"end":{"line":50,"column":44}},"5":{"start":{"line":52,"column":8},"end":{"line":52,"column":1927}},"6":{"start":{"line":59,"column":8},"end":{"line":59,"column":72}},"7":{"start":{"line":60,"column":8},"end":{"line":60,"column":2177}},"8":{"start":{"line":80,"column":8},"end":{"line":80,"column":2940}},"9":{"start":{"line":85,"column":8},"end":{"line":85,"column":49}},"10":{"start":{"line":87,"column":8},"end":{"line":87,"column":3191}},"11":{"start":{"line":91,"column":8},"end":{"line":91,"column":74}},"12":{"start":{"line":93,"column":8},"end":{"line":93,"column":69}},"13":{"start":{"line":107,"column":8},"end":{"line":107,"column":76}},"14":{"start":{"line":109,"column":8},"end":{"line":109,"column":4035}},"15":{"start":{"line":114,"column":12},"end":{"line":114,"column":54}},"16":{"start":{"line":126,"column":8},"end":{"line":126,"column":96}},"17":{"start":{"line":128,"column":8},"end":{"line":128,"column":83}},"18":{"start":{"line":141,"column":8},"end":{"line":141,"column":66}},"19":{"start":{"line":153,"column":8},"end":{"line":153,"column":66}},"20":{"start":{"line":155,"column":8},"end":{"line":155,"column":75}},"21":{"start":{"line":163,"column":8},"end":{"line":163,"column":48}},"22":{"start":{"line":165,"column":8},"end":{"line":165,"column":6050}},"23":{"start":{"line":169,"column":8},"end":{"line":169,"column":33}},"24":{"start":{"line":171,"column":8},"end":{"line":171,"column":63}},"25":{"start":{"line":172,"column":8},"end":{"line":172,"column":6241}},"26":{"start":{"line":180,"column":8},"end":{"line":180,"column":54}},"27":{"start":{"line":184,"column":8},"end":{"line":184,"column":33}}},"branchMap":{"1":{"line":42,"type":"if","locations":[{"start":{"line":42,"column":8},"end":{"line":42,"column":8}},{"start":{"line":42,"column":8},"end":{"line":42,"column":8}}]},"2":{"line":52,"type":"if","locations":[{"start":{"line":52,"column":8},"end":{"line":52,"column":8}},{"start":{"line":52,"column":8},"end":{"line":52,"column":8}}]},"3":{"line":60,"type":"if","locations":[{"start":{"line":60,"column":8},"end":{"line":60,"column":8}},{"start":{"line":60,"column":8},"end":{"line":60,"column":8}}]},"4":{"line":80,"type":"if","locations":[{"start":{"line":80,"column":8},"end":{"line":80,"column":8}},{"start":{"line":80,"column":8},"end":{"line":80,"column":8}}]},"5":{"line":87,"type":"if","locations":[{"start":{"line":87,"column":8},"end":{"line":87,"column":8}},{"start":{"line":87,"column":8},"end":{"line":87,"column":8}}]},"6":{"line":109,"type":"if","locations":[{"start":{"line":109,"column":8},"end":{"line":109,"column":8}},{"start":{"line":109,"column":8},"end":{"line":109,"column":8}}]},"7":{"line":165,"type":"if","locations":[{"start":{"line":165,"column":8},"end":{"line":165,"column":8}},{"start":{"line":165,"column":8},"end":{"line":165,"column":8}}]},"8":{"line":172,"type":"if","locations":[{"start":{"line":172,"column":8},"end":{"line":172,"column":8}},{"start":{"line":172,"column":8},"end":{"line":172,"column":8}}]}}},"contracts/test/BasicNFT.sol":{"l":{"14":3,"18":16,"19":16,"20":16,"24":0,"25":0,"29":0},"path":"/Users/pranavlakkadi/HH-FCC/HH-NFT-MarketPlace/contracts/test/BasicNFT.sol","s":{"1":3,"2":16,"3":16,"4":16,"5":0,"6":0,"7":0},"b":{"1":[0,0]},"f":{"1":3,"2":16,"3":0,"4":0},"fnMap":{"1":{"name":"constructor","line":13,"loc":{"start":{"line":13,"column":4},"end":{"line":15,"column":4}}},"2":{"name":"mintNft","line":17,"loc":{"start":{"line":17,"column":4},"end":{"line":21,"column":4}}},"3":{"name":"tokenURI","line":23,"loc":{"start":{"line":23,"column":4},"end":{"line":26,"column":4}}},"4":{"name":"getTokenCounter","line":28,"loc":{"start":{"line":28,"column":4},"end":{"line":30,"column":4}}}},"statementMap":{"1":{"start":{"line":14,"column":8},"end":{"line":14,"column":25}},"2":{"start":{"line":18,"column":8},"end":{"line":18,"column":44}},"3":{"start":{"line":19,"column":8},"end":{"line":19,"column":38}},"4":{"start":{"line":20,"column":8},"end":{"line":20,"column":42}},"5":{"start":{"line":24,"column":8},"end":{"line":24,"column":83}},"6":{"start":{"line":25,"column":8},"end":{"line":25,"column":24}},"7":{"start":{"line":29,"column":8},"end":{"line":29,"column":29}}},"branchMap":{"1":{"line":24,"type":"if","locations":[{"start":{"line":24,"column":8},"end":{"line":24,"column":8}},{"start":{"line":24,"column":8},"end":{"line":24,"column":8}}]}}}}