TN:
SF:/Users/pranavlakkadi/HH-FCC/HH-NFT-MarketPlace/contracts/NFTMarketPlace.sol
FN:39,notListed
FN:48,isOwner
FN:58,isListed
FN:79,ListItem
FN:106,BuyItem
FN:138,CancelListing
FN:152,UpdateListing
FN:162,Withdraw
FN:179,getListing
FN:183,getProceeds
FN:187,getBalance
FNF:11
FNH:11
FNDA:26,notListed
FNDA:33,isOwner
FNDA:15,isListed
FNDA:24,ListItem
FNDA:7,BuyItem
FNDA:3,CancelListing
FNDA:2,UpdateListing
FNDA:2,Withdraw
FNDA:5,getListing
FNDA:1,getProceeds
FNDA:1,getBalance
DA:40,26
DA:42,26
DA:43,1
DA:45,25
DA:49,33
DA:50,33
DA:52,32
DA:53,3
DA:55,29
DA:59,15
DA:60,15
DA:61,2
DA:63,13
DA:80,24
DA:81,1
DA:85,23
DA:87,23
DA:88,1
DA:91,22
DA:93,22
DA:107,7
DA:109,7
DA:110,1
DA:113,6
DA:114,6
DA:117,6
DA:126,6
DA:128,6
DA:139,3
DA:141,3
DA:153,2
DA:155,2
DA:163,2
DA:165,2
DA:166,1
DA:169,1
DA:171,1
DA:172,1
DA:173,0
DA:180,5
DA:184,1
DA:188,1
LF:42
LH:41
BRDA:42,1,0,1
BRDA:42,1,1,25
BRDA:52,2,0,3
BRDA:52,2,1,29
BRDA:60,3,0,2
BRDA:60,3,1,13
BRDA:78,4,0,25
BRDA:78,4,1,1
BRDA:79,5,0,24
BRDA:79,5,1,1
BRDA:80,6,0,1
BRDA:80,6,1,23
BRDA:87,7,0,1
BRDA:87,7,1,22
BRDA:105,8,0,7
BRDA:105,8,1,1
BRDA:106,9,0,7
BRDA:106,9,1,0
BRDA:109,10,0,1
BRDA:109,10,1,6
BRDA:137,11,0,3
BRDA:137,11,1,2
BRDA:138,12,0,3
BRDA:138,12,1,0
BRDA:151,13,0,3
BRDA:151,13,1,1
BRDA:152,14,0,2
BRDA:152,14,1,1
BRDA:165,15,0,1
BRDA:165,15,1,1
BRDA:172,16,0,0
BRDA:172,16,1,1
BRF:32
BRH:29
end_of_record
TN:
SF:/Users/pranavlakkadi/HH-FCC/HH-NFT-MarketPlace/contracts/test/BasicNFT.sol
FN:13,constructor
FN:17,mintNft
FN:25,tokenURI
FN:30,getTokenCounter
FNF:4
FNH:3
FNDA:3,constructor
FNDA:25,mintNft
FNDA:0,tokenURI
FNDA:1,getTokenCounter
DA:14,3
DA:18,25
DA:19,25
DA:20,25
DA:21,25
DA:26,0
DA:27,0
DA:31,1
LF:8
LH:6
BRDA:26,1,0,0
BRDA:26,1,1,0
BRF:2
BRH:0
end_of_record
