TN:
SF:/Users/pranavlakkadi/HH-FCC/HH-NFT-MarketPlace/contracts/NFTMarketPlace.sol
FN:39,notListed
FN:48,isOwner
FN:58,isListed
FN:79,ListItem
FN:106,BuyItem
FN:138,CancelListing
FN:152,UpdateListing
FN:162,Withdraw
FN:179,getListing
FN:183,getProceeds
FNF:10
FNH:7
FNDA:17,notListed
FNDA:18,isOwner
FNDA:7,isListed
FNDA:15,ListItem
FNDA:6,BuyItem
FNDA:0,CancelListing
FNDA:0,UpdateListing
FNDA:0,Withdraw
FNDA:2,getListing
FNDA:1,getProceeds
DA:40,17
DA:42,17
DA:43,1
DA:45,16
DA:49,18
DA:50,18
DA:52,17
DA:53,2
DA:55,15
DA:59,7
DA:60,7
DA:61,1
DA:63,6
DA:80,15
DA:81,1
DA:85,14
DA:87,14
DA:88,1
DA:91,13
DA:93,13
DA:107,6
DA:109,6
DA:110,1
DA:114,5
DA:117,5
DA:126,5
DA:128,5
DA:139,0
DA:141,0
DA:153,0
DA:155,0
DA:163,0
DA:165,0
DA:166,0
DA:169,0
DA:171,0
DA:172,0
DA:173,0
DA:180,2
DA:184,1
LF:40
LH:29
BRDA:42,1,0,1
BRDA:42,1,1,16
BRDA:52,2,0,2
BRDA:52,2,1,15
BRDA:60,3,0,1
BRDA:60,3,1,6
BRDA:80,4,0,1
BRDA:80,4,1,14
BRDA:87,5,0,1
BRDA:87,5,1,13
BRDA:109,6,0,1
BRDA:109,6,1,5
BRDA:165,7,0,0
BRDA:165,7,1,0
BRDA:172,8,0,0
BRDA:172,8,1,0
BRF:16
BRH:12
end_of_record
TN:
SF:/Users/pranavlakkadi/HH-FCC/HH-NFT-MarketPlace/contracts/test/BasicNFT.sol
FN:13,constructor
FN:17,mintNft
FN:23,tokenURI
FN:28,getTokenCounter
FNF:4
FNH:2
FNDA:3,constructor
FNDA:16,mintNft
FNDA:0,tokenURI
FNDA:0,getTokenCounter
DA:14,3
DA:18,16
DA:19,16
DA:20,16
DA:24,0
DA:25,0
DA:29,0
LF:7
LH:4
BRDA:24,1,0,0
BRDA:24,1,1,0
BRF:2
BRH:0
end_of_record
